Namespace(activation='maxmin', batch_size=128, block_size=1, conv_layer='soc', data_dir='./cifar-data', dataset='cifar10', epochs=200, epsilon=36, gamma=0.0, init_channels=32, lln=False, loss_scale='1.0', lr_max=0.1, lr_min=0.0, momentum=0.9, opt_level='O2', out_dir='LNNIso_cifar10_N=80_n=16_1_soc_32_maxmin_cr0.0', sample_size=80, seed=0, subsample_size=16, weight_decay=0.0005)
Epoch 	 Seconds 	 LR 	 Train Loss 	 Test Loss 	 
0 	 23.5 	 0.1000 	 -0.0348 	 -0.0602
1 	 20.3 	 0.1000 	 0.0242 	 0.0528
2 	 20.3 	 0.1000 	 -0.0391 	 -0.0484
3 	 20.3 	 0.1000 	 -0.0523 	 -0.0438
4 	 20.3 	 0.1000 	 0.0481 	 -0.0493
5 	 21.0 	 0.1000 	 0.0553 	 -0.0832
6 	 20.2 	 0.1000 	 0.0416 	 -0.0492
7 	 21.0 	 0.1000 	 -0.0810 	 -0.0973
8 	 21.0 	 0.1000 	 -0.0564 	 -0.2162
9 	 20.2 	 0.1000 	 0.0694 	 0.1062
10 	 20.3 	 0.1000 	 -0.0209 	 0.2909
11 	 20.2 	 0.1000 	 -0.0715 	 0.0674
12 	 20.2 	 0.1000 	 0.1013 	 -0.0888
13 	 21.1 	 0.1000 	 0.1618 	 -0.3175
14 	 20.2 	 0.1000 	 0.1814 	 -0.2158
15 	 20.1 	 0.1000 	 -0.2784 	 0.0301
16 	 20.2 	 0.1000 	 -0.0060 	 -0.0326
17 	 20.2 	 0.1000 	 0.0552 	 0.1401
18 	 20.2 	 0.1000 	 -0.0854 	 0.0015
19 	 20.1 	 0.1000 	 0.1081 	 -0.1231
20 	 20.1 	 0.1000 	 -0.1931 	 -0.1814
21 	 20.1 	 0.1000 	 -0.0787 	 -0.0159
22 	 20.2 	 0.1000 	 0.0586 	 -0.0155
23 	 20.1 	 0.1000 	 -0.1320 	 0.2913
24 	 20.2 	 0.1000 	 0.0938 	 0.0914
25 	 20.1 	 0.1000 	 -0.0654 	 0.2209
26 	 20.2 	 0.1000 	 -0.0187 	 0.0453
27 	 20.1 	 0.1000 	 -0.0016 	 0.0926
28 	 20.2 	 0.1000 	 -0.2348 	 0.1947
29 	 20.2 	 0.1000 	 0.0198 	 0.3553
30 	 20.9 	 0.1000 	 -0.3356 	 -0.4612
31 	 20.2 	 0.1000 	 0.4687 	 0.1322
32 	 20.2 	 0.1000 	 0.3932 	 -0.3661
33 	 20.2 	 0.1000 	 -0.0852 	 0.2833
34 	 21.0 	 0.1000 	 -0.4399 	 -0.7106
35 	 20.2 	 0.1000 	 -0.1621 	 -0.2856
36 	 20.2 	 0.1000 	 -0.2030 	 -0.4009
37 	 20.2 	 0.1000 	 -0.1598 	 -0.0015
38 	 20.2 	 0.1000 	 -0.2107 	 -0.1712
39 	 20.2 	 0.1000 	 -0.3012 	 -0.2494
40 	 20.2 	 0.1000 	 0.0887 	 -0.0627
41 	 20.2 	 0.1000 	 0.2509 	 0.0119
42 	 20.2 	 0.1000 	 -0.0596 	 0.1798
43 	 20.2 	 0.1000 	 -0.0677 	 0.0480
44 	 20.2 	 0.1000 	 -0.0227 	 -0.0076
45 	 20.2 	 0.1000 	 -0.1300 	 0.0115
46 	 20.2 	 0.1000 	 0.0616 	 -0.0989
47 	 20.2 	 0.1000 	 -0.0784 	 -0.0450
48 	 20.2 	 0.1000 	 -0.0096 	 -0.0723
49 	 20.2 	 0.1000 	 -0.0476 	 -0.0303
50 	 20.2 	 0.1000 	 0.0353 	 0.0298
51 	 20.2 	 0.1000 	 0.0799 	 0.1261
52 	 20.2 	 0.1000 	 0.1555 	 -0.0203
53 	 20.2 	 0.1000 	 -0.0011 	 0.1585
54 	 20.2 	 0.1000 	 -0.0206 	 -0.1260
55 	 20.2 	 0.1000 	 0.1148 	 0.3004
56 	 20.2 	 0.1000 	 -0.0969 	 -0.4438
57 	 20.2 	 0.1000 	 -0.1923 	 0.2945
58 	 20.2 	 0.1000 	 -0.0480 	 -0.0541
59 	 20.2 	 0.1000 	 -0.2756 	 0.1945
60 	 20.2 	 0.1000 	 -0.1637 	 0.1389
61 	 20.2 	 0.1000 	 -0.2783 	 -0.1926
62 	 20.2 	 0.1000 	 0.3597 	 -0.2685
63 	 20.2 	 0.1000 	 -0.1074 	 -0.2544
64 	 20.2 	 0.1000 	 0.0635 	 0.2142
65 	 20.2 	 0.1000 	 -0.2678 	 0.2177
66 	 20.2 	 0.1000 	 0.3029 	 -0.2080
67 	 20.2 	 0.1000 	 0.2276 	 -0.5622
68 	 22.3 	 0.1000 	 -0.1429 	 -0.8709
69 	 20.2 	 0.1000 	 0.1960 	 -0.6845
70 	 20.2 	 0.1000 	 0.1793 	 -0.5042
71 	 20.2 	 0.1000 	 -0.2985 	 0.1769
72 	 20.2 	 0.1000 	 -0.1056 	 -0.0385
73 	 20.2 	 0.1000 	 -0.1988 	 -0.0815
74 	 20.3 	 0.1000 	 0.1339 	 -0.4144
75 	 20.3 	 0.1000 	 -0.2480 	 0.0822
76 	 20.3 	 0.1000 	 -0.3282 	 0.2076
77 	 20.2 	 0.1000 	 0.0731 	 0.1289
78 	 20.2 	 0.1000 	 0.0425 	 -0.0102
79 	 20.2 	 0.1000 	 0.0139 	 -0.0256
80 	 20.2 	 0.1000 	 -0.0583 	 0.1319
81 	 20.2 	 0.1000 	 0.0647 	 -0.0327
82 	 20.2 	 0.1000 	 -0.1656 	 0.0597
83 	 20.2 	 0.1000 	 0.3438 	 0.2959
84 	 20.2 	 0.1000 	 -0.0319 	 -0.4584
85 	 20.4 	 0.1000 	 0.1543 	 0.1226
86 	 20.2 	 0.1000 	 0.0169 	 0.1039
87 	 20.2 	 0.1000 	 0.1052 	 -0.2494
88 	 20.2 	 0.1000 	 -0.1470 	 -0.0866
89 	 20.2 	 0.1000 	 -0.6975 	 0.0146
90 	 20.4 	 0.1000 	 -0.2920 	 -0.0520
91 	 20.3 	 0.1000 	 0.8697 	 -0.0201
92 	 20.2 	 0.1000 	 -0.5326 	 -0.2983
93 	 20.2 	 0.1000 	 -0.0004 	 -0.3254
94 	 20.2 	 0.1000 	 -0.3428 	 -0.4833
95 	 20.2 	 0.1000 	 0.8361 	 0.2866
96 	 20.2 	 0.1000 	 0.2839 	 0.3404
97 	 20.2 	 0.1000 	 -0.0503 	 0.0593
98 	 20.2 	 0.1000 	 0.1263 	 -0.2491
99 	 20.3 	 0.0100 	 0.1417 	 0.2729
100 	 20.4 	 0.0100 	 0.1580 	 0.0329
101 	 20.3 	 0.0100 	 0.2835 	 -0.2404
102 	 20.3 	 0.0100 	 0.2883 	 -0.2397
103 	 20.3 	 0.0100 	 -0.0227 	 0.5303
104 	 20.2 	 0.0100 	 -0.1634 	 0.2215
105 	 20.3 	 0.0100 	 0.5975 	 -0.1161
106 	 20.2 	 0.0100 	 -0.4303 	 -0.2379
107 	 20.2 	 0.0100 	 0.2865 	 0.1719
108 	 20.2 	 0.0100 	 0.0325 	 0.8666
109 	 20.2 	 0.0100 	 0.3115 	 -0.2277
110 	 20.2 	 0.0100 	 -0.5134 	 0.2341
111 	 20.2 	 0.0100 	 0.0833 	 0.5090
112 	 20.2 	 0.0100 	 -0.0004 	 -0.1033
113 	 20.2 	 0.0100 	 1.0315 	 0.0324
114 	 20.2 	 0.0100 	 0.5406 	 0.0969
115 	 20.2 	 0.0100 	 0.0414 	 -0.1510
116 	 20.2 	 0.0100 	 0.1822 	 -0.2213
117 	 20.2 	 0.0100 	 0.1446 	 0.0798
118 	 20.2 	 0.0100 	 -0.7859 	 0.3860
119 	 20.2 	 0.0100 	 -0.3907 	 -0.1908
120 	 20.3 	 0.0100 	 0.3256 	 0.3938
121 	 20.3 	 0.0100 	 -0.1254 	 -0.0419
122 	 20.2 	 0.0100 	 -0.1203 	 -0.8000
123 	 20.2 	 0.0100 	 0.0299 	 -0.0367
124 	 20.2 	 0.0100 	 -0.2019 	 0.4755
125 	 20.2 	 0.0100 	 -0.1622 	 0.2614
126 	 20.3 	 0.0100 	 -0.4395 	 -0.6325
127 	 20.2 	 0.0100 	 -0.0107 	 0.0465
128 	 20.2 	 0.0100 	 0.2005 	 -0.1632
129 	 20.2 	 0.0100 	 -0.1130 	 -0.1385
130 	 20.2 	 0.0100 	 0.0352 	 -0.2463
131 	 20.2 	 0.0100 	 0.1275 	 0.2868
132 	 20.2 	 0.0100 	 0.4778 	 -0.1939
133 	 20.2 	 0.0100 	 0.2029 	 -0.1406
134 	 20.2 	 0.0100 	 -0.7041 	 0.2091
135 	 20.3 	 0.0100 	 -0.4060 	 -0.3127
136 	 20.2 	 0.0100 	 -0.4892 	 -0.1850
137 	 20.3 	 0.0100 	 -0.0208 	 0.3096
138 	 20.2 	 0.0100 	 0.0220 	 0.2245
139 	 20.2 	 0.0100 	 0.0573 	 -0.3592
140 	 20.2 	 0.0100 	 0.4142 	 -0.1286
141 	 20.2 	 0.0100 	 -0.1923 	 -0.0604
142 	 20.2 	 0.0100 	 0.2382 	 -0.2409
143 	 20.2 	 0.0100 	 0.0912 	 0.3019
144 	 20.2 	 0.0100 	 -0.1488 	 0.0569
145 	 20.2 	 0.0100 	 0.5746 	 -0.6209
146 	 20.3 	 0.0100 	 0.0927 	 -0.3408
147 	 20.2 	 0.0100 	 -0.4756 	 -0.1687
148 	 20.2 	 0.0100 	 0.1069 	 -0.3485
149 	 20.2 	 0.0010 	 0.0687 	 -0.0283
150 	 20.2 	 0.0010 	 -0.1295 	 -0.2497
151 	 20.2 	 0.0010 	 -0.0682 	 -0.0600
152 	 20.2 	 0.0010 	 -0.0251 	 -0.0643
153 	 20.2 	 0.0010 	 0.9019 	 0.5395
154 	 20.2 	 0.0010 	 0.0652 	 -0.5613
155 	 20.2 	 0.0010 	 0.2633 	 0.1156
156 	 20.2 	 0.0010 	 -0.0237 	 -0.0161
157 	 20.2 	 0.0010 	 0.8507 	 -0.2448
158 	 20.2 	 0.0010 	 0.0091 	 0.4325
159 	 20.2 	 0.0010 	 0.1677 	 -0.0420
160 	 20.2 	 0.0010 	 -0.4210 	 0.1315
161 	 20.2 	 0.0010 	 0.0878 	 -0.4151
162 	 20.2 	 0.0010 	 0.2949 	 0.6757
163 	 20.2 	 0.0010 	 -0.2651 	 0.1003
164 	 20.2 	 0.0010 	 -0.2425 	 0.0409
