Namespace(activation='maxmin', batch_size=500, block_size=4, conv_layer='soc', data_dir='./cifar-data', dataset='cifar10', epochs=200, epsilon=36, init_channels=32, l='l2', lln=False, loss_scale='1.0', lr_max=0.01, lr_min=0.0, momentum=0.9, n=10000, opt_level='O2', out_dir='ISO_cifar10_l2_4_soc_32_maxmin', seed=0, weight_decay=0.0005, workers=4)
Epoch 	 Seconds 	 LR 	 Train Loss 	 Valid Loss
0 	 20.6 	 0.0100 	 -0.0005 	 -0.0001
1 	 18.0 	 0.0100 	 -0.0014 	 -0.0003
2 	 17.2 	 0.0100 	 -0.0030 	 -0.0006
3 	 17.4 	 0.0100 	 -0.0062 	 -0.0015
4 	 17.3 	 0.0100 	 -0.0104 	 -0.0032
5 	 17.9 	 0.0100 	 -0.0322 	 -0.0092
6 	 17.0 	 0.0100 	 -0.1047 	 -0.0447
7 	 17.1 	 0.0100 	 -0.5830 	 -0.2732
8 	 16.9 	 0.0100 	 -2.7870 	 -0.3895
9 	 17.0 	 0.0100 	 -2.4607 	 -0.4145
10 	 17.8 	 0.0100 	 -2.4305 	 -0.5908
11 	 16.4 	 0.0100 	 -2.6144 	 -0.4058
12 	 16.4 	 0.0100 	 -2.9640 	 -0.4983
13 	 16.5 	 0.0100 	 -1.6228 	 -0.4335
14 	 16.5 	 0.0100 	 -1.5953 	 -0.4322
15 	 17.3 	 0.0100 	 -2.2267 	 -0.5710
16 	 16.4 	 0.0100 	 -3.6354 	 -0.4775
17 	 16.4 	 0.0100 	 -2.4133 	 -0.5197
18 	 16.4 	 0.0100 	 -2.0105 	 -0.4935
19 	 16.4 	 0.0100 	 -2.1348 	 -0.5540
20 	 17.2 	 0.0100 	 -4.3715 	 -0.4510
21 	 16.4 	 0.0100 	 -3.5334 	 -0.4426
22 	 16.4 	 0.0100 	 -1.7252 	 -0.5203
23 	 16.4 	 0.0100 	 -3.4078 	 -0.5301
24 	 16.5 	 0.0100 	 -2.9923 	 -0.5107
25 	 17.3 	 0.0100 	 -2.4760 	 -0.4524
26 	 16.4 	 0.0100 	 -4.6210 	 -0.4266
27 	 16.5 	 0.0100 	 -2.8579 	 -0.4772
28 	 16.5 	 0.0100 	 -3.5175 	 -0.5512
29 	 16.4 	 0.0100 	 -1.2483 	 -0.4849
30 	 17.3 	 0.0100 	 -2.3920 	 -0.5327
31 	 16.4 	 0.0100 	 -2.3204 	 -0.5648
32 	 16.4 	 0.0100 	 -3.8217 	 -0.4947
33 	 16.5 	 0.0100 	 -2.6522 	 -0.5769
34 	 16.4 	 0.0100 	 -1.6040 	 -0.5601
35 	 17.2 	 0.0100 	 -4.5304 	 -0.5333
36 	 16.4 	 0.0100 	 -2.9358 	 -0.5881
37 	 16.4 	 0.0100 	 -3.1678 	 -0.5680
38 	 16.4 	 0.0100 	 -2.2839 	 -0.5205
39 	 16.4 	 0.0100 	 -3.3138 	 -0.5288
40 	 17.2 	 0.0100 	 -1.3471 	 -0.4487
41 	 16.4 	 0.0100 	 -4.1071 	 -0.4395
42 	 16.4 	 0.0100 	 -3.3026 	 -0.5766
43 	 16.4 	 0.0100 	 -3.3058 	 -0.4850
44 	 16.4 	 0.0100 	 -3.9621 	 -0.5495
45 	 17.2 	 0.0100 	 -2.3591 	 -0.5768
46 	 16.4 	 0.0100 	 -3.7656 	 -0.5869
47 	 16.4 	 0.0100 	 -2.0639 	 -0.5817
48 	 16.4 	 0.0100 	 -2.4013 	 -0.5339
49 	 16.4 	 0.0100 	 -1.5575 	 -0.5731
50 	 17.3 	 0.0100 	 -2.7208 	 -0.5525
51 	 16.3 	 0.0100 	 -3.1230 	 -0.5257
52 	 16.4 	 0.0100 	 -2.2636 	 -0.5164
53 	 16.4 	 0.0100 	 -2.7537 	 -0.5410
54 	 16.4 	 0.0100 	 -3.4539 	 -0.5303
55 	 17.2 	 0.0100 	 -3.5767 	 -0.4416
56 	 16.4 	 0.0100 	 -1.8830 	 -0.4350
57 	 16.4 	 0.0100 	 -4.0191 	 -0.4292
58 	 16.3 	 0.0100 	 -2.3032 	 -0.5527
59 	 16.5 	 0.0100 	 -2.4398 	 -0.5586
60 	 17.2 	 0.0100 	 -3.0689 	 -0.5600
61 	 16.4 	 0.0100 	 -2.9808 	 -0.5091
62 	 16.4 	 0.0100 	 -2.4841 	 -0.5742
63 	 16.4 	 0.0100 	 -3.7242 	 -0.5856
64 	 16.3 	 0.0100 	 -3.9160 	 -0.4583
65 	 18.3 	 0.0100 	 -1.9845 	 -0.5929
66 	 16.4 	 0.0100 	 -1.7322 	 -0.5846
67 	 16.4 	 0.0100 	 -4.2599 	 -0.5000
68 	 16.4 	 0.0100 	 -3.4847 	 -0.5326
69 	 16.4 	 0.0100 	 -1.0932 	 -0.4701
70 	 17.3 	 0.0100 	 -4.1181 	 -0.5501
71 	 16.4 	 0.0100 	 -1.8831 	 -0.4232
72 	 16.4 	 0.0100 	 -2.7551 	 -0.4731
73 	 16.4 	 0.0100 	 -3.4224 	 -0.5149
74 	 16.4 	 0.0100 	 -3.2355 	 -0.4053
75 	 17.2 	 0.0100 	 -4.2103 	 -0.3181
76 	 16.4 	 0.0100 	 -1.7981 	 -0.3956
77 	 16.4 	 0.0100 	 -3.7595 	 -0.4060
78 	 16.5 	 0.0100 	 -2.6898 	 -0.5535
79 	 16.4 	 0.0100 	 -3.0266 	 -0.5467
80 	 17.3 	 0.0100 	 -2.2329 	 -0.5621
81 	 17.6 	 0.0100 	 -1.6929 	 -0.6061
82 	 16.5 	 0.0100 	 -3.3795 	 -0.5391
83 	 16.5 	 0.0100 	 -1.9710 	 -0.5855
84 	 16.5 	 0.0100 	 -3.2375 	 -0.5140
85 	 18.5 	 0.0100 	 -4.8254 	 -0.6081
86 	 16.4 	 0.0100 	 -3.0792 	 -0.5237
87 	 16.5 	 0.0100 	 -4.4978 	 -0.6078
88 	 16.4 	 0.0100 	 -2.9279 	 -0.4385
89 	 16.5 	 0.0100 	 -3.1270 	 -0.5354
90 	 17.2 	 0.0100 	 -1.8695 	 -0.4178
91 	 16.5 	 0.0100 	 -1.5037 	 -0.5149
92 	 16.4 	 0.0100 	 -2.9225 	 -0.5321
93 	 16.5 	 0.0100 	 -5.0813 	 -0.5487
94 	 16.4 	 0.0100 	 -2.8892 	 -0.5615
95 	 17.2 	 0.0100 	 -3.5057 	 -0.5081
96 	 16.4 	 0.0100 	 -4.7384 	 -0.5003
97 	 16.5 	 0.0100 	 -2.4796 	 -0.5699
98 	 17.6 	 0.0100 	 -2.7972 	 -0.6234
99 	 16.4 	 0.0010 	 -4.2907 	 -0.5757
100 	 17.3 	 0.0010 	 -2.7730 	 -0.5892
101 	 16.4 	 0.0010 	 -3.1993 	 -0.5922
102 	 16.4 	 0.0010 	 -3.5985 	 -0.5720
103 	 16.5 	 0.0010 	 -2.6656 	 -0.5771
104 	 16.4 	 0.0010 	 -2.5079 	 -0.5749
105 	 17.2 	 0.0010 	 -3.4715 	 -0.5965
106 	 16.5 	 0.0010 	 -3.3853 	 -0.6198
107 	 17.5 	 0.0010 	 -3.4784 	 -0.6318
108 	 16.5 	 0.0010 	 -3.0551 	 -0.6182
109 	 16.5 	 0.0010 	 -3.7850 	 -0.6205
110 	 17.3 	 0.0010 	 -4.5327 	 -0.6221
111 	 16.5 	 0.0010 	 -2.0900 	 -0.6175
112 	 17.4 	 0.0010 	 -4.6768 	 -0.6343
113 	 16.5 	 0.0010 	 -5.8010 	 -0.6312
114 	 16.4 	 0.0010 	 -3.0987 	 -0.6220
115 	 18.0 	 0.0010 	 -3.5087 	 -0.6383
116 	 17.0 	 0.0010 	 -3.4430 	 -0.6446
117 	 16.5 	 0.0010 	 -4.8700 	 -0.6106
118 	 16.5 	 0.0010 	 -1.6996 	 -0.6004
119 	 16.5 	 0.0010 	 -3.4686 	 -0.6162
120 	 17.2 	 0.0010 	 -2.0418 	 -0.6273
121 	 16.4 	 0.0010 	 -1.7390 	 -0.6303
122 	 16.4 	 0.0010 	 -2.5236 	 -0.6341
123 	 16.4 	 0.0010 	 -2.2050 	 -0.6358
124 	 16.4 	 0.0010 	 -5.0524 	 -0.6391
125 	 17.9 	 0.0010 	 -2.9984 	 -0.6447
126 	 16.3 	 0.0010 	 -2.8458 	 -0.6425
127 	 16.4 	 0.0010 	 -4.7877 	 -0.6371
128 	 16.4 	 0.0010 	 -4.7707 	 -0.6377
129 	 16.4 	 0.0010 	 -2.6190 	 -0.6209
130 	 17.3 	 0.0010 	 -4.7262 	 -0.6123
131 	 16.4 	 0.0010 	 -2.3742 	 -0.5904
132 	 16.4 	 0.0010 	 -5.3423 	 -0.5726
133 	 16.4 	 0.0010 	 -4.0629 	 -0.5894
134 	 16.4 	 0.0010 	 -3.9912 	 -0.5925
135 	 17.2 	 0.0010 	 -4.0127 	 -0.6125
136 	 16.5 	 0.0010 	 -3.2045 	 -0.6159
137 	 16.4 	 0.0010 	 -4.5257 	 -0.5947
138 	 16.5 	 0.0010 	 -2.2637 	 -0.5709
139 	 16.4 	 0.0010 	 -4.9483 	 -0.5708
140 	 17.2 	 0.0010 	 -3.8024 	 -0.5596
141 	 16.4 	 0.0010 	 -4.2646 	 -0.5859
142 	 16.4 	 0.0010 	 -2.8489 	 -0.6094
143 	 16.5 	 0.0010 	 -6.8334 	 -0.5984
144 	 16.4 	 0.0010 	 -5.0751 	 -0.5907
145 	 17.3 	 0.0010 	 -3.7061 	 -0.5843
146 	 16.4 	 0.0010 	 -3.3463 	 -0.5824
147 	 16.4 	 0.0010 	 -3.6585 	 -0.5810
148 	 16.4 	 0.0010 	 -2.7145 	 -0.5934
149 	 16.4 	 0.0001 	 -3.7818 	 -0.6035
150 	 17.2 	 0.0001 	 -3.8544 	 -0.5997
151 	 16.4 	 0.0001 	 -2.7045 	 -0.6009
152 	 16.4 	 0.0001 	 -4.3569 	 -0.6002
153 	 16.4 	 0.0001 	 -2.8838 	 -0.6022
154 	 16.4 	 0.0001 	 -2.4925 	 -0.5978
155 	 17.3 	 0.0001 	 -3.4394 	 -0.5997
156 	 16.4 	 0.0001 	 -4.0805 	 -0.6036
157 	 16.4 	 0.0001 	 -4.7919 	 -0.6045
158 	 16.4 	 0.0001 	 -4.7577 	 -0.5966
159 	 16.4 	 0.0001 	 -3.6874 	 -0.5999
160 	 17.3 	 0.0001 	 -3.0056 	 -0.5970
161 	 16.4 	 0.0001 	 -3.8937 	 -0.6067
162 	 16.4 	 0.0001 	 -4.5514 	 -0.6028
163 	 16.4 	 0.0001 	 -6.6965 	 -0.6100
164 	 16.5 	 0.0001 	 -2.7284 	 -0.6059
165 	 17.2 	 0.0001 	 -3.2706 	 -0.6087
166 	 16.5 	 0.0001 	 -2.8538 	 -0.6059
167 	 16.4 	 0.0001 	 -5.0786 	 -0.6053
168 	 16.5 	 0.0001 	 -2.9224 	 -0.6034
169 	 16.5 	 0.0001 	 -3.0893 	 -0.6051
170 	 17.3 	 0.0001 	 -3.0162 	 -0.6090
171 	 16.5 	 0.0001 	 -5.2127 	 -0.6112
172 	 16.4 	 0.0001 	 -3.5850 	 -0.6084
173 	 16.5 	 0.0001 	 -5.3374 	 -0.6059
174 	 16.5 	 0.0001 	 -6.1157 	 -0.6094
175 	 17.3 	 0.0001 	 -3.2121 	 -0.6080
176 	 16.4 	 0.0001 	 -4.8183 	 -0.6089
177 	 16.5 	 0.0001 	 -3.5681 	 -0.6111
178 	 16.4 	 0.0001 	 -5.8189 	 -0.6089
179 	 16.5 	 0.0001 	 -1.9487 	 -0.6085
180 	 17.3 	 0.0001 	 -7.5583 	 -0.6074
181 	 16.4 	 0.0001 	 -4.3400 	 -0.6081
182 	 16.4 	 0.0001 	 -2.2351 	 -0.6030
183 	 16.5 	 0.0001 	 -2.7831 	 -0.6073
184 	 16.4 	 0.0001 	 -1.8023 	 -0.6071
185 	 17.3 	 0.0001 	 -2.4199 	 -0.6092
186 	 16.4 	 0.0001 	 -3.0279 	 -0.6105
187 	 16.5 	 0.0001 	 -3.4478 	 -0.6070
188 	 16.5 	 0.0001 	 -3.6356 	 -0.6082
189 	 16.5 	 0.0001 	 -5.2039 	 -0.6111
190 	 17.2 	 0.0001 	 -4.5650 	 -0.6091
191 	 16.4 	 0.0001 	 -3.7547 	 -0.6087
192 	 16.5 	 0.0001 	 -2.3100 	 -0.6089
193 	 16.5 	 0.0001 	 -2.5467 	 -0.6121
194 	 16.5 	 0.0001 	 -3.2649 	 -0.6023
195 	 17.2 	 0.0001 	 -2.7699 	 -0.6035
196 	 16.4 	 0.0001 	 -4.2605 	 -0.6051
197 	 16.5 	 0.0001 	 -3.5018 	 -0.6090
198 	 16.4 	 0.0001 	 -4.1980 	 -0.6088
199 	 16.5 	 0.0001 	 -2.4859 	 -0.6094
Total train time: 61.5419 minutes
Best Epoch 	 Valid Loss 	 Test Time
125 	 -0.6400 	 15.6891
Last Epoch 	 Valid Loss 	 Test Time
199 	 -0.6070 	 15.7185
