Namespace(activation='maxmin', batch_size=128, block_size=4, conv_layer='soc', data_dir='./cifar-data', dataset='cifar10', epochs=200, epsilon=36, gamma=0.0, init_channels=32, lln=False, loss_scale='1.0', lr_max=0.1, lr_min=0.0, momentum=0.9, n=4000, opt_level='O2', out_dir='LipConvnet_cifar10_n=4000_4_soc_32_maxmin_cr0.0', seed=0, weight_decay=0.0005)
Epoch 	 Seconds 	 LR 	 Train Loss 	 Test Loss 	 
0 	 17.0 	 0.1000 	 -0.2805 	 -0.7263
1 	 13.5 	 0.1000 	 -0.7111 	 -0.6670
2 	 13.5 	 0.1000 	 -0.5755 	 -0.5842
3 	 15.4 	 0.1000 	 -0.5092 	 -0.9082
4 	 13.5 	 0.1000 	 -0.8511 	 -0.8036
5 	 13.5 	 0.1000 	 -0.7039 	 -0.7139
6 	 14.3 	 0.1000 	 -0.5682 	 -0.6988
7 	 15.0 	 0.1000 	 -0.7931 	 -0.9346
8 	 13.4 	 0.1000 	 -0.8058 	 -0.7886
9 	 14.3 	 0.1000 	 -0.7940 	 -0.6211
10 	 13.4 	 0.1000 	 -0.7155 	 -0.7551
11 	 13.5 	 0.1000 	 -0.6027 	 -0.7195
12 	 14.2 	 0.1000 	 -0.6689 	 -0.8261
13 	 13.5 	 0.1000 	 -0.7571 	 -0.7307
14 	 13.4 	 0.1000 	 -0.7180 	 -0.7662
15 	 14.2 	 0.1000 	 -0.6475 	 -0.7196
16 	 13.5 	 0.1000 	 -0.7916 	 -0.7594
17 	 13.5 	 0.1000 	 -0.8050 	 -0.8416
18 	 14.3 	 0.1000 	 -0.7335 	 -0.6851
19 	 13.4 	 0.1000 	 -0.6802 	 -0.5038
20 	 13.4 	 0.1000 	 -0.7635 	 -0.6884
21 	 14.2 	 0.1000 	 -0.7292 	 -0.8328
22 	 13.4 	 0.1000 	 -0.6766 	 -0.7626
23 	 13.5 	 0.1000 	 -0.5562 	 -0.6124
24 	 13.4 	 0.1000 	 -0.6041 	 -0.6237
25 	 14.2 	 0.1000 	 -0.5261 	 -0.6961
26 	 13.4 	 0.1000 	 -0.6869 	 -0.7982
27 	 13.4 	 0.1000 	 -0.8662 	 -0.8464
28 	 14.2 	 0.1000 	 -0.8321 	 -0.6957
29 	 13.4 	 0.1000 	 -0.7465 	 -0.6279
30 	 13.4 	 0.1000 	 -0.7025 	 -0.7744
31 	 14.3 	 0.1000 	 -0.6904 	 -0.7729
32 	 13.4 	 0.1000 	 -0.8000 	 -0.6011
33 	 13.5 	 0.1000 	 -0.7191 	 -0.7958
34 	 14.2 	 0.1000 	 -0.6375 	 -0.5613
35 	 13.5 	 0.1000 	 -0.6575 	 -0.5348
36 	 13.4 	 0.1000 	 -0.6613 	 -0.8963
37 	 14.3 	 0.1000 	 -0.5707 	 -0.5393
38 	 13.5 	 0.1000 	 -0.6969 	 -0.6779
39 	 13.5 	 0.1000 	 -0.7714 	 -0.5996
40 	 14.3 	 0.1000 	 -0.7085 	 -0.6588
41 	 13.5 	 0.1000 	 -0.8614 	 -0.6445
42 	 13.5 	 0.1000 	 -0.6771 	 -0.6706
43 	 14.2 	 0.1000 	 -0.7404 	 -0.6085
44 	 14.6 	 0.1000 	 -0.7442 	 -0.9735
45 	 13.5 	 0.1000 	 -0.8548 	 -0.9149
46 	 14.2 	 0.1000 	 -0.6756 	 -0.7563
47 	 13.5 	 0.1000 	 -0.7509 	 -0.7864
48 	 13.5 	 0.1000 	 -0.7199 	 -0.7996
49 	 13.5 	 0.1000 	 -0.7001 	 -0.9495
50 	 14.2 	 0.1000 	 -0.7382 	 -0.8014
51 	 13.4 	 0.1000 	 -0.8733 	 -0.8422
52 	 13.4 	 0.1000 	 -0.6648 	 -0.6218
53 	 14.2 	 0.1000 	 -0.6187 	 -0.7094
54 	 13.5 	 0.1000 	 -0.7103 	 -0.7769
55 	 13.4 	 0.1000 	 -0.6369 	 -0.9102
56 	 14.3 	 0.1000 	 -0.7923 	 -0.6204
57 	 13.4 	 0.1000 	 -0.6299 	 -0.6158
58 	 13.4 	 0.1000 	 -0.7375 	 -0.9453
59 	 14.3 	 0.1000 	 -0.9067 	 -0.5611
60 	 13.5 	 0.1000 	 -0.7494 	 -0.8845
61 	 13.5 	 0.1000 	 -0.5242 	 -0.8431
62 	 14.2 	 0.1000 	 -0.6378 	 -0.7725
63 	 13.5 	 0.1000 	 -0.7137 	 -0.6239
64 	 13.5 	 0.1000 	 -0.8335 	 -0.6378
65 	 14.2 	 0.1000 	 -0.7827 	 -0.6941
66 	 13.5 	 0.1000 	 -0.6240 	 -0.5797
67 	 13.5 	 0.1000 	 -0.6982 	 -0.6448
68 	 14.2 	 0.1000 	 -0.9296 	 -0.6767
69 	 13.5 	 0.1000 	 -0.7452 	 -0.7708
70 	 13.5 	 0.1000 	 -0.9441 	 -0.8518
71 	 14.2 	 0.1000 	 -0.8184 	 -0.8926
72 	 13.4 	 0.1000 	 -0.5910 	 -0.7084
73 	 13.5 	 0.1000 	 -0.8866 	 -0.6408
74 	 13.4 	 0.1000 	 -0.8156 	 -0.7298
75 	 14.2 	 0.1000 	 -0.8053 	 -0.9401
76 	 13.4 	 0.1000 	 -0.8632 	 -0.7649
77 	 13.5 	 0.1000 	 -0.8428 	 -0.8438
78 	 14.2 	 0.1000 	 -0.7214 	 -0.7572
79 	 13.5 	 0.1000 	 -0.7157 	 -0.8158
80 	 13.5 	 0.1000 	 -0.8712 	 -0.7469
81 	 14.2 	 0.1000 	 -0.6946 	 -0.8358
82 	 13.5 	 0.1000 	 -0.7699 	 -0.8092
83 	 13.5 	 0.1000 	 -0.8194 	 -0.6641
84 	 14.2 	 0.1000 	 -0.6272 	 -0.6029
85 	 13.5 	 0.1000 	 -0.6291 	 -0.7098
86 	 13.4 	 0.1000 	 -0.6488 	 -0.7419
87 	 14.2 	 0.1000 	 -0.7612 	 -0.5704
88 	 13.5 	 0.1000 	 -0.6322 	 -0.8961
89 	 13.5 	 0.1000 	 -0.7676 	 -0.6736
90 	 14.3 	 0.1000 	 -0.9257 	 -0.6572
91 	 13.5 	 0.1000 	 -0.6298 	 -0.6911
92 	 13.4 	 0.1000 	 -0.7948 	 -0.8950
93 	 14.2 	 0.1000 	 -0.8991 	 -0.6862
94 	 13.4 	 0.1000 	 -0.7758 	 -0.8550
95 	 13.5 	 0.1000 	 -0.8747 	 -0.6969
96 	 14.2 	 0.1000 	 -0.7113 	 -0.6113
97 	 13.4 	 0.1000 	 -0.8073 	 -0.6866
98 	 14.2 	 0.1000 	 -0.9599 	 -1.0375
99 	 13.5 	 0.0100 	 -0.6981 	 -0.7020
100 	 15.0 	 0.0100 	 -0.7524 	 -1.0992
101 	 13.5 	 0.0100 	 -0.9785 	 -0.7930
102 	 13.4 	 0.0100 	 -0.6895 	 -0.8626
103 	 14.3 	 0.0100 	 -0.9265 	 -0.7906
104 	 13.4 	 0.0100 	 -0.9055 	 -0.8447
105 	 13.4 	 0.0100 	 -0.7672 	 -0.8914
106 	 14.2 	 0.0100 	 -0.8664 	 -0.8550
107 	 13.5 	 0.0100 	 -0.8497 	 -0.6784
108 	 13.4 	 0.0100 	 -0.9816 	 -0.7827
109 	 14.3 	 0.0100 	 -0.8501 	 -1.0819
110 	 13.4 	 0.0100 	 -0.8528 	 -0.8134
111 	 13.4 	 0.0100 	 -0.8802 	 -0.9716
112 	 14.2 	 0.0100 	 -0.9985 	 -0.8948
113 	 13.5 	 0.0100 	 -0.8524 	 -0.7908
114 	 13.4 	 0.0100 	 -1.0227 	 -0.9669
115 	 14.2 	 0.0100 	 -0.8650 	 -1.0380
116 	 13.4 	 0.0100 	 -0.7364 	 -0.7825
117 	 13.4 	 0.0100 	 -0.8333 	 -0.5567
118 	 14.2 	 0.0100 	 -0.7821 	 -0.8429
119 	 13.4 	 0.0100 	 -0.7537 	 -0.7501
120 	 13.5 	 0.0100 	 -0.7247 	 -0.8930
121 	 14.3 	 0.0100 	 -0.9105 	 -0.7972
122 	 13.4 	 0.0100 	 -0.9383 	 -0.6649
123 	 13.5 	 0.0100 	 -0.9046 	 -0.7972
124 	 13.4 	 0.0100 	 -0.7535 	 -0.7225
125 	 14.2 	 0.0100 	 -0.8626 	 -0.6782
126 	 13.4 	 0.0100 	 -0.7972 	 -0.8439
127 	 13.4 	 0.0100 	 -0.8164 	 -0.9381
128 	 14.2 	 0.0100 	 -0.9858 	 -0.7493
129 	 13.4 	 0.0100 	 -0.8861 	 -0.8942
130 	 13.5 	 0.0100 	 -0.8283 	 -0.6678
131 	 14.2 	 0.0100 	 -1.0347 	 -0.7753
132 	 13.5 	 0.0100 	 -0.9072 	 -0.7478
133 	 13.4 	 0.0100 	 -0.8650 	 -1.0815
134 	 15.2 	 0.0100 	 -0.7823 	 -1.1064
135 	 13.5 	 0.0100 	 -1.0649 	 -0.8428
136 	 13.4 	 0.0100 	 -0.7662 	 -0.7013
137 	 14.3 	 0.0100 	 -1.0985 	 -0.8623
138 	 13.5 	 0.0100 	 -0.8299 	 -0.8868
139 	 13.5 	 0.0100 	 -0.9497 	 -0.7453
140 	 14.2 	 0.0100 	 -1.1363 	 -0.8059
141 	 13.4 	 0.0100 	 -0.9339 	 -0.6862
142 	 13.4 	 0.0100 	 -0.8950 	 -0.7523
143 	 14.3 	 0.0100 	 -1.1106 	 -0.7840
144 	 13.5 	 0.0100 	 -0.7848 	 -0.7586
145 	 13.4 	 0.0100 	 -0.8725 	 -0.7562
146 	 14.2 	 0.0100 	 -0.8167 	 -0.7173
147 	 13.4 	 0.0100 	 -0.8719 	 -0.7837
148 	 13.5 	 0.0100 	 -0.9299 	 -1.0034
149 	 14.2 	 0.0010 	 -0.9691 	 -1.1315
150 	 14.2 	 0.0010 	 -0.9505 	 -0.9892
151 	 13.5 	 0.0010 	 -0.9417 	 -0.7721
152 	 13.4 	 0.0010 	 -0.9254 	 -0.8913
153 	 14.2 	 0.0010 	 -0.9777 	 -0.7973
154 	 13.4 	 0.0010 	 -1.2295 	 -0.9956
155 	 13.4 	 0.0010 	 -0.9865 	 -0.6372
156 	 14.3 	 0.0010 	 -0.9192 	 -0.7759
157 	 13.5 	 0.0010 	 -0.8847 	 -1.0351
158 	 13.5 	 0.0010 	 -1.0610 	 -1.0883
159 	 14.2 	 0.0010 	 -0.7811 	 -0.8605
160 	 13.5 	 0.0010 	 -0.9811 	 -0.8216
161 	 13.4 	 0.0010 	 -0.9814 	 -1.0270
162 	 14.3 	 0.0010 	 -1.0618 	 -0.8376
163 	 13.4 	 0.0010 	 -0.9935 	 -0.8465
164 	 13.4 	 0.0010 	 -0.8818 	 -0.8659
165 	 14.3 	 0.0010 	 -0.8290 	 -0.9293
166 	 13.5 	 0.0010 	 -0.9403 	 -0.7009
167 	 13.5 	 0.0010 	 -1.0591 	 -1.0810
168 	 14.3 	 0.0010 	 -0.8950 	 -0.6935
169 	 13.4 	 0.0010 	 -0.9771 	 -0.8235
170 	 13.5 	 0.0010 	 -0.9228 	 -0.7975
171 	 14.3 	 0.0010 	 -0.7435 	 -0.9831
172 	 13.5 	 0.0010 	 -0.7521 	 -0.9578
173 	 13.4 	 0.0010 	 -1.0070 	 -0.8661
174 	 13.4 	 0.0010 	 -0.8428 	 -1.0040
175 	 14.2 	 0.0010 	 -0.9217 	 -0.8681
176 	 13.5 	 0.0010 	 -0.9232 	 -0.7918
177 	 13.5 	 0.0010 	 -0.9519 	 -0.7842
178 	 14.3 	 0.0010 	 -1.0665 	 -0.6693
179 	 13.5 	 0.0010 	 -0.9156 	 -0.9199
180 	 13.5 	 0.0010 	 -0.9038 	 -0.9402
181 	 14.3 	 0.0010 	 -0.6903 	 -0.8197
182 	 13.4 	 0.0010 	 -1.0299 	 -0.9086
183 	 13.4 	 0.0010 	 -0.8627 	 -0.8616
184 	 14.3 	 0.0010 	 -0.7398 	 -0.8489
185 	 13.4 	 0.0010 	 -0.8409 	 -0.7609
186 	 13.4 	 0.0010 	 -0.9363 	 -0.7388
187 	 14.3 	 0.0010 	 -0.9014 	 -0.8581
188 	 13.4 	 0.0010 	 -1.0362 	 -0.6787
189 	 13.5 	 0.0010 	 -0.8647 	 -0.9727
190 	 14.3 	 0.0010 	 -0.9761 	 -0.6047
191 	 13.5 	 0.0010 	 -0.7179 	 -1.0635
192 	 13.5 	 0.0010 	 -0.9066 	 -0.8359
193 	 14.2 	 0.0010 	 -1.0866 	 -0.6808
194 	 13.4 	 0.0010 	 -0.7986 	 -1.0016
195 	 13.5 	 0.0010 	 -0.9223 	 -0.8661
196 	 14.2 	 0.0010 	 -0.9790 	 -0.9472
197 	 13.4 	 0.0010 	 -0.7887 	 -0.7576
198 	 13.5 	 0.0010 	 -1.0484 	 -1.0579
199 	 13.5 	 0.0010 	 -0.9808 	 -0.7932
Total train time: 51.9402 minutes
Best Epoch 	 Test Loss 	 Test Time
149 	 -0.6835 	 4.1838
Last Epoch 	 Test Loss 	 Test Time
199 	 -0.8725 	 4.1620
