Namespace(activation='maxmin', batch_size=128, block_size=4, conv_layer='soc', data_dir='./cifar-data', dataset='cifar10', epochs=200, epsilon=36, gamma=0.0, init_channels=32, lln=False, loss_scale='1.0', lr_max=0.1, lr_min=0.0, momentum=0.9, n=2000, opt_level='O2', out_dir='LipConvnet_cifar10_n=2000_4_soc_32_maxmin_cr0.0', seed=0, weight_decay=0.0005)
Epoch 	 Seconds 	 LR 	 Train Loss 	 Test Loss 	 
0 	 9.9 	 0.1000 	 -0.0970 	 -0.2748
1 	 8.0 	 0.1000 	 -0.4633 	 -0.7134
2 	 7.1 	 0.1000 	 -0.5454 	 -0.4560
3 	 7.0 	 0.1000 	 -0.6465 	 -0.5612
4 	 7.1 	 0.1000 	 -0.6617 	 -0.5315
5 	 7.1 	 0.1000 	 -0.4055 	 -0.4503
6 	 8.8 	 0.1000 	 -0.5941 	 -0.7211
7 	 7.1 	 0.1000 	 -0.7894 	 -0.3735
8 	 7.0 	 0.1000 	 -0.6149 	 -0.6849
9 	 7.8 	 0.1000 	 -0.7388 	 -1.0399
10 	 7.1 	 0.1000 	 -0.5447 	 -0.7267
11 	 7.1 	 0.1000 	 -0.7249 	 -0.7043
12 	 7.9 	 0.1000 	 -0.6634 	 -0.7657
13 	 7.1 	 0.1000 	 -0.5884 	 -0.4643
14 	 7.1 	 0.1000 	 -0.7845 	 -0.5018
15 	 7.1 	 0.1000 	 -0.8257 	 -0.6238
16 	 7.1 	 0.1000 	 -0.7392 	 -0.6095
17 	 7.1 	 0.1000 	 -0.3990 	 -0.5418
18 	 7.9 	 0.1000 	 -0.7142 	 -0.9242
19 	 7.2 	 0.1000 	 -0.8032 	 -0.9692
20 	 8.4 	 0.1000 	 -0.7205 	 -1.0665
21 	 7.1 	 0.1000 	 -0.7876 	 -0.5517
22 	 7.1 	 0.1000 	 -0.4746 	 -0.4985
23 	 7.1 	 0.1000 	 -0.4442 	 -0.6235
24 	 7.1 	 0.1000 	 -0.4710 	 -0.5363
25 	 7.9 	 0.1000 	 -0.7229 	 -0.7496
26 	 7.1 	 0.1000 	 -0.7996 	 -0.9826
27 	 7.1 	 0.1000 	 -0.6622 	 -0.4897
28 	 7.1 	 0.1000 	 -0.7633 	 -0.6617
29 	 7.0 	 0.1000 	 -0.7693 	 -0.5814
30 	 7.0 	 0.1000 	 -0.6401 	 -1.0369
31 	 7.8 	 0.1000 	 -0.5118 	 -0.7170
32 	 7.1 	 0.1000 	 -0.6997 	 -0.8876
33 	 7.0 	 0.1000 	 -0.7330 	 -0.5483
34 	 7.1 	 0.1000 	 -0.5706 	 -0.7369
35 	 7.1 	 0.1000 	 -0.7505 	 -0.7850
36 	 7.1 	 0.1000 	 -0.5706 	 -0.6754
37 	 7.9 	 0.1000 	 -0.6926 	 -0.7001
38 	 7.1 	 0.1000 	 -0.5585 	 -0.7214
39 	 7.1 	 0.1000 	 -0.4228 	 -0.7646
40 	 7.1 	 0.1000 	 -0.5762 	 -0.6290
41 	 7.1 	 0.1000 	 -0.5376 	 -0.5811
42 	 7.1 	 0.1000 	 -0.5652 	 -0.8891
43 	 7.9 	 0.1000 	 -0.5504 	 -0.8011
44 	 7.0 	 0.1000 	 -0.6617 	 -0.6389
45 	 7.1 	 0.1000 	 -0.6294 	 -0.8783
46 	 7.1 	 0.1000 	 -0.6993 	 -0.6877
47 	 7.1 	 0.1000 	 -0.9330 	 -0.8387
48 	 7.1 	 0.1000 	 -0.6762 	 -0.7132
49 	 7.0 	 0.1000 	 -0.6425 	 -0.5185
50 	 7.9 	 0.1000 	 -0.6955 	 -0.6925
51 	 7.1 	 0.1000 	 -0.7877 	 -0.7500
52 	 7.1 	 0.1000 	 -0.4635 	 -0.6936
53 	 7.1 	 0.1000 	 -0.7038 	 -0.7442
54 	 7.1 	 0.1000 	 -0.6249 	 -0.7030
55 	 7.1 	 0.1000 	 -0.8659 	 -0.5980
56 	 7.9 	 0.1000 	 -0.6272 	 -0.6053
57 	 7.0 	 0.1000 	 -0.6306 	 -0.6944
58 	 7.1 	 0.1000 	 -0.7354 	 -0.5844
59 	 7.1 	 0.1000 	 -0.8480 	 -0.7012
60 	 7.1 	 0.1000 	 -0.5320 	 -0.7338
61 	 7.1 	 0.1000 	 -0.6415 	 -0.6949
62 	 7.8 	 0.1000 	 -0.4968 	 -0.8025
63 	 7.1 	 0.1000 	 -0.4532 	 -0.8577
64 	 7.1 	 0.1000 	 -0.5450 	 -0.8038
65 	 7.1 	 0.1000 	 -0.8110 	 -0.3922
66 	 7.1 	 0.1000 	 -0.6083 	 -0.7636
67 	 7.0 	 0.1000 	 -0.7696 	 -0.6232
68 	 7.9 	 0.1000 	 -0.5699 	 -0.4578
69 	 7.1 	 0.1000 	 -1.0264 	 -0.5859
70 	 7.1 	 0.1000 	 -0.5444 	 -0.5686
71 	 7.1 	 0.1000 	 -0.3367 	 -0.4488
72 	 7.1 	 0.1000 	 -0.6940 	 -0.7997
73 	 7.0 	 0.1000 	 -0.4977 	 -0.7238
74 	 7.0 	 0.1000 	 -0.5578 	 -0.9933
75 	 7.9 	 0.1000 	 -1.0425 	 -0.7637
76 	 7.1 	 0.1000 	 -0.7125 	 -0.6748
77 	 7.1 	 0.1000 	 -0.7045 	 -0.6866
78 	 7.1 	 0.1000 	 -0.8928 	 -0.6878
79 	 7.0 	 0.1000 	 -0.6489 	 -0.8626
80 	 7.1 	 0.1000 	 -0.5493 	 -0.6565
81 	 7.9 	 0.1000 	 -0.6349 	 -0.7010
82 	 7.1 	 0.1000 	 -0.7945 	 -0.7081
83 	 7.1 	 0.1000 	 -0.8457 	 -0.7859
84 	 7.1 	 0.1000 	 -0.4050 	 -0.6816
85 	 7.1 	 0.1000 	 -0.7113 	 -0.5358
86 	 7.1 	 0.1000 	 -0.5279 	 -0.7494
87 	 7.9 	 0.1000 	 -0.5658 	 -0.8080
88 	 7.1 	 0.1000 	 -0.5454 	 -0.6007
89 	 7.1 	 0.1000 	 -0.8036 	 -0.7209
90 	 7.1 	 0.1000 	 -0.5855 	 -0.5182
91 	 7.1 	 0.1000 	 -0.4145 	 -0.4806
92 	 7.1 	 0.1000 	 -0.7415 	 -0.6682
93 	 7.9 	 0.1000 	 -0.4452 	 -0.5244
94 	 7.1 	 0.1000 	 -0.3869 	 -0.5845
95 	 7.1 	 0.1000 	 -0.8406 	 -0.7803
96 	 7.1 	 0.1000 	 -0.5962 	 -0.6535
97 	 7.1 	 0.1000 	 -0.6567 	 -0.8084
98 	 7.1 	 0.1000 	 -0.8189 	 -0.6935
99 	 7.1 	 0.0100 	 -0.6474 	 -0.6311
100 	 7.8 	 0.0100 	 -0.7301 	 -0.7822
101 	 7.1 	 0.0100 	 -0.5816 	 -0.7635
102 	 7.1 	 0.0100 	 -0.7459 	 -0.7843
103 	 7.1 	 0.0100 	 -0.9424 	 -0.6123
104 	 7.1 	 0.0100 	 -0.7326 	 -0.6708
105 	 7.1 	 0.0100 	 -0.2645 	 -0.8041
106 	 7.9 	 0.0100 	 -0.8931 	 -1.0526
107 	 8.0 	 0.0100 	 -0.6426 	 -1.1959
108 	 7.1 	 0.0100 	 -0.5318 	 -0.6478
109 	 7.0 	 0.0100 	 -0.8577 	 -0.5158
110 	 7.0 	 0.0100 	 -0.7023 	 -0.7099
111 	 7.1 	 0.0100 	 -0.8514 	 -0.5968
112 	 7.8 	 0.0100 	 -1.0443 	 -0.6987
113 	 7.1 	 0.0100 	 -0.5633 	 -0.9142
114 	 7.1 	 0.0100 	 -0.6999 	 -0.6476
115 	 7.1 	 0.0100 	 -0.5894 	 -0.5829
116 	 7.1 	 0.0100 	 -0.7188 	 -0.8290
117 	 7.1 	 0.0100 	 -0.9349 	 -0.8181
118 	 7.9 	 0.0100 	 -0.9982 	 -1.1296
119 	 7.1 	 0.0100 	 -0.7072 	 -0.8320
120 	 7.1 	 0.0100 	 -0.8868 	 -0.8025
121 	 7.0 	 0.0100 	 -0.7085 	 -0.5211
122 	 7.1 	 0.0100 	 -0.9468 	 -0.8375
123 	 7.1 	 0.0100 	 -0.7164 	 -0.7963
124 	 7.1 	 0.0100 	 -0.4281 	 -0.9205
125 	 7.8 	 0.0100 	 -0.7767 	 -0.5604
126 	 7.1 	 0.0100 	 -0.7864 	 -0.7762
127 	 7.1 	 0.0100 	 -1.0509 	 -0.8435
128 	 7.0 	 0.0100 	 -0.6823 	 -0.7363
129 	 7.1 	 0.0100 	 -0.7519 	 -0.5991
130 	 7.1 	 0.0100 	 -1.0440 	 -0.8945
131 	 7.9 	 0.0100 	 -0.9042 	 -0.6346
132 	 7.1 	 0.0100 	 -0.7282 	 -0.7248
133 	 7.1 	 0.0100 	 -0.8303 	 -0.6262
134 	 7.1 	 0.0100 	 -0.8369 	 -0.9485
135 	 7.1 	 0.0100 	 -0.8063 	 -0.8575
136 	 7.0 	 0.0100 	 -1.0477 	 -0.6162
137 	 7.9 	 0.0100 	 -0.7139 	 -0.6789
138 	 7.0 	 0.0100 	 -0.8179 	 -0.5950
139 	 7.0 	 0.0100 	 -0.7357 	 -1.0632
140 	 7.1 	 0.0100 	 -0.7321 	 -0.4648
141 	 7.1 	 0.0100 	 -0.7634 	 -0.7822
142 	 7.1 	 0.0100 	 -0.9261 	 -0.7958
143 	 7.9 	 0.0100 	 -0.9484 	 -1.0552
144 	 8.1 	 0.0100 	 -0.9412 	 -1.2909
145 	 7.0 	 0.0100 	 -0.6153 	 -0.9105
146 	 7.1 	 0.0100 	 -1.1510 	 -1.0589
147 	 7.1 	 0.0100 	 -0.6645 	 -0.7419
148 	 7.1 	 0.0100 	 -0.9023 	 -0.6522
149 	 7.1 	 0.0010 	 -1.1245 	 -0.9051
150 	 7.8 	 0.0010 	 -0.8036 	 -0.6144
151 	 7.1 	 0.0010 	 -0.8260 	 -1.0925
152 	 7.1 	 0.0010 	 -0.6647 	 -0.5405
153 	 7.1 	 0.0010 	 -0.9546 	 -0.9263
154 	 7.1 	 0.0010 	 -0.8558 	 -0.7058
155 	 7.1 	 0.0010 	 -0.7955 	 -0.8112
156 	 7.9 	 0.0010 	 -0.7351 	 -0.8216
157 	 7.1 	 0.0010 	 -0.7340 	 -0.6427
158 	 7.1 	 0.0010 	 -0.6377 	 -0.6456
159 	 7.1 	 0.0010 	 -1.0897 	 -0.7787
160 	 7.1 	 0.0010 	 -0.8032 	 -0.8845
161 	 7.1 	 0.0010 	 -0.6759 	 -0.8737
162 	 7.9 	 0.0010 	 -0.8398 	 -1.0748
163 	 7.1 	 0.0010 	 -0.7670 	 -1.2374
164 	 7.1 	 0.0010 	 -0.8118 	 -0.9037
165 	 7.1 	 0.0010 	 -0.6427 	 -1.0004
166 	 7.1 	 0.0010 	 -0.5669 	 -0.6473
167 	 7.1 	 0.0010 	 -1.1619 	 -0.9510
168 	 7.8 	 0.0010 	 -1.0509 	 -0.5533
169 	 8.2 	 0.0010 	 -0.7698 	 -1.3482
170 	 7.1 	 0.0010 	 -0.8926 	 -0.7482
171 	 7.1 	 0.0010 	 -1.0251 	 -0.7128
172 	 7.0 	 0.0010 	 -0.5692 	 -0.4907
173 	 7.1 	 0.0010 	 -0.9040 	 -0.8389
174 	 7.1 	 0.0010 	 -0.6983 	 -0.8844
175 	 7.8 	 0.0010 	 -1.0168 	 -0.7303
176 	 7.1 	 0.0010 	 -0.7219 	 -0.9369
177 	 7.0 	 0.0010 	 -0.9952 	 -0.4528
178 	 7.1 	 0.0010 	 -0.7552 	 -0.5386
179 	 7.1 	 0.0010 	 -1.0779 	 -0.9742
180 	 7.1 	 0.0010 	 -0.8258 	 -1.0856
181 	 7.9 	 0.0010 	 -1.1399 	 -0.9067
182 	 7.1 	 0.0010 	 -0.9053 	 -0.9670
183 	 8.1 	 0.0010 	 -0.7955 	 -1.4850
184 	 7.1 	 0.0010 	 -0.7594 	 -0.7595
185 	 7.1 	 0.0010 	 -0.9009 	 -0.6614
186 	 7.1 	 0.0010 	 -0.7129 	 -0.9281
187 	 7.8 	 0.0010 	 -0.6389 	 -0.5986
188 	 7.1 	 0.0010 	 -1.0996 	 -0.5487
189 	 7.1 	 0.0010 	 -1.1458 	 -0.9037
190 	 7.1 	 0.0010 	 -0.9251 	 -0.5896
191 	 7.1 	 0.0010 	 -0.8572 	 -0.6522
192 	 7.1 	 0.0010 	 -0.9232 	 -0.7500
193 	 7.9 	 0.0010 	 -0.7268 	 -0.9620
194 	 7.1 	 0.0010 	 -0.6549 	 -0.8617
195 	 7.0 	 0.0010 	 -0.4911 	 -0.9894
196 	 7.1 	 0.0010 	 -0.6906 	 -0.9557
197 	 7.1 	 0.0010 	 -1.2082 	 -0.7809
198 	 7.1 	 0.0010 	 -0.8908 	 -0.9114
199 	 7.1 	 0.0010 	 -0.9871 	 -0.6778
Total train time: 28.3705 minutes
Best Epoch 	 Test Loss 	 Test Time
183 	 -0.8397 	 2.2067
Last Epoch 	 Test Loss 	 Test Time
199 	 -1.0797 	 2.2207
